Ign:1 https://dl.bintray.com/termux/termux-packages-24 stable InRelease
Ign:2 https://dl.bintray.com/grimler/game-packages-24 games InRelease
Ign:3 https://dl.bintray.com/grimler/science-packages-24 science InRelease
Get:4 https://dl.bintray.com/termux/termux-packages-24 stable Release [6061 B]
Get:5 https://dl.bintray.com/grimler/game-packages-24 games Release [5344 B]
Hit:5 https://dl.bintray.com/grimler/game-packages-24 games Release
Get:6 https://dl.bintray.com/grimler/science-packages-24 science Release [5348 B]
Hit:6 https://dl.bintray.com/grimler/science-packages-24 science Release
Get:7 https://dl.bintray.com/termux/termux-packages-24 stable Release.gpg [821 B]
Get:10 https://dl.bintray.com/termux/termux-packages-24 stable/main arm Packages [119 kB]
Fetched 126 kB in 6s (19.8 kB/s)
Reading package lists...
Reading package lists...
Building dependency tree...
Reading state information...
python is already the newest version (3.7.3-2).
0 upgraded, 0 newly installed, 0 to remove and 1 not upgraded.
Reading package lists...
Building dependency tree...
Reading state information...
php is already the newest version (7.3.6).
0 upgraded, 0 newly installed, 0 to remove and 1 not upgraded.
Reading package lists...
Building dependency tree...
Reading state information...
openssh is already the newest version (8.0p1-1).
0 upgraded, 0 newly installed, 0 to remove and 1 not upgraded.
./termux_install.sh: line 12: pip3: command not found
