Ign:1 https://dl.bintray.com/termux/termux-packages-24 stable InRelease
Ign:2 https://dl.bintray.com/grimler/game-packages-24 games InRelease
Ign:3 https://dl.bintray.com/grimler/science-packages-24 science InRelease
Get:4 https://dl.bintray.com/termux/termux-packages-24 stable Release [6061 B]
Hit:4 https://dl.bintray.com/termux/termux-packages-24 stable Release
Get:5 https://dl.bintray.com/grimler/game-packages-24 games Release [5344 B]
Hit:5 https://dl.bintray.com/grimler/game-packages-24 games Release
Get:6 https://dl.bintray.com/grimler/science-packages-24 science Release [5348 B]
Hit:6 https://dl.bintray.com/grimler/science-packages-24 science Release
Reading package lists...
Reading package lists...
Building dependency tree...
Reading state information...
python is already the newest version (3.7.3-2).
0 upgraded, 0 newly installed, 0 to remove and 0 not upgraded.
Reading package lists...
Building dependency tree...
Reading state information...
php is already the newest version (7.3.5-3).
0 upgraded, 0 newly installed, 0 to remove and 0 not upgraded.
Reading package lists...
Building dependency tree...
Reading state information...
wget is already the newest version (1.20.3-2).
0 upgraded, 0 newly installed, 0 to remove and 0 not upgraded.
Reading package lists...
Building dependency tree...
Reading state information...
unzip is already the newest version (6.0-4).
0 upgraded, 0 newly installed, 0 to remove and 0 not upgraded.
Reading package lists...
Building dependency tree...
Reading state information...
openssh is already the newest version (8.0p1-1).
0 upgraded, 0 newly installed, 0 to remove and 0 not upgraded.
Requirement already satisfied: requests in /data/data/com.termux/files/usr/lib/python3.7/site-packages (2.22.0)
Requirement already satisfied: urllib3!=1.25.0,!=1.25.1,<1.26,>=1.21.1 in /data/data/com.termux/files/usr/lib/python3.7/site-packages (from requests) (1.25.2)
Requirement already satisfied: chardet<3.1.0,>=3.0.2 in /data/data/com.termux/files/usr/lib/python3.7/site-packages (from requests) (3.0.4)
Requirement already satisfied: certifi>=2017.4.17 in /data/data/com.termux/files/usr/lib/python3.7/site-packages (from requests) (2019.3.9)
Requirement already satisfied: idna<2.9,>=2.5 in /data/data/com.termux/files/usr/lib/python3.7/site-packages (from requests) (2.8)
You are using pip version 19.0.3, however version 19.1.1 is available.
You should consider upgrading via the 'pip install --upgrade pip' command.
